  Menu.cpp
  draw.cpp
E:\工具软件\编码\项目\五子棋\五子棋\Menu.cpp(579,18): warning C4101: “port”: 未引用的局部变量
  main.cpp
E:\工具软件\编码\项目\五子棋\五子棋\main.cpp(21,12): warning C4244: “参数”: 从“time_t”转换到“unsigned int”，可能丢失数据
  play.cpp
E:\工具软件\编码\项目\五子棋\五子棋\play.cpp(477,41): warning C4244: “+=”: 从“double”转换到“int”，可能丢失数据
E:\工具软件\编码\项目\五子棋\五子棋\play.cpp(481,68): warning C4244: “+=”: 从“double”转换到“int”，可能丢失数据
E:\工具软件\编码\项目\五子棋\五子棋\play.cpp(502,65): warning C4244: “+=”: 从“double”转换到“int”，可能丢失数据
E:\工具软件\编码\项目\五子棋\五子棋\play.cpp(508,38): warning C4244: “+=”: 从“double”转换到“int”，可能丢失数据
E:\工具软件\编码\项目\五子棋\五子棋\play.cpp(529,41): warning C4244: “+=”: 从“double”转换到“int”，可能丢失数据
E:\工具软件\编码\项目\五子棋\五子棋\play.cpp(533,68): warning C4244: “+=”: 从“double”转换到“int”，可能丢失数据
E:\工具软件\编码\项目\五子棋\五子棋\play.cpp(554,65): warning C4244: “+=”: 从“double”转换到“int”，可能丢失数据
E:\工具软件\编码\项目\五子棋\五子棋\play.cpp(560,38): warning C4244: “+=”: 从“double”转换到“int”，可能丢失数据
E:\工具软件\编码\项目\五子棋\五子棋\play.cpp(581,41): warning C4244: “+=”: 从“double”转换到“int”，可能丢失数据
E:\工具软件\编码\项目\五子棋\五子棋\play.cpp(585,68): warning C4244: “+=”: 从“double”转换到“int”，可能丢失数据
E:\工具软件\编码\项目\五子棋\五子棋\play.cpp(606,65): warning C4244: “+=”: 从“double”转换到“int”，可能丢失数据
E:\工具软件\编码\项目\五子棋\五子棋\play.cpp(612,38): warning C4244: “+=”: 从“double”转换到“int”，可能丢失数据
E:\工具软件\编码\项目\五子棋\五子棋\play.cpp(633,41): warning C4244: “+=”: 从“double”转换到“int”，可能丢失数据
E:\工具软件\编码\项目\五子棋\五子棋\play.cpp(637,68): warning C4244: “+=”: 从“double”转换到“int”，可能丢失数据
E:\工具软件\编码\项目\五子棋\五子棋\play.cpp(658,65): warning C4244: “+=”: 从“double”转换到“int”，可能丢失数据
E:\工具软件\编码\项目\五子棋\五子棋\play.cpp(664,38): warning C4244: “+=”: 从“double”转换到“int”，可能丢失数据
E:\工具软件\编码\项目\五子棋\五子棋\play.cpp(685,41): warning C4244: “+=”: 从“double”转换到“int”，可能丢失数据
E:\工具软件\编码\项目\五子棋\五子棋\play.cpp(689,68): warning C4244: “+=”: 从“double”转换到“int”，可能丢失数据
E:\工具软件\编码\项目\五子棋\五子棋\play.cpp(710,65): warning C4244: “+=”: 从“double”转换到“int”，可能丢失数据
E:\工具软件\编码\项目\五子棋\五子棋\play.cpp(716,38): warning C4244: “+=”: 从“double”转换到“int”，可能丢失数据
E:\工具软件\编码\项目\五子棋\五子棋\play.cpp(737,41): warning C4244: “+=”: 从“double”转换到“int”，可能丢失数据
E:\工具软件\编码\项目\五子棋\五子棋\play.cpp(741,68): warning C4244: “+=”: 从“double”转换到“int”，可能丢失数据
E:\工具软件\编码\项目\五子棋\五子棋\play.cpp(762,65): warning C4244: “+=”: 从“double”转换到“int”，可能丢失数据
E:\工具软件\编码\项目\五子棋\五子棋\play.cpp(768,38): warning C4244: “+=”: 从“double”转换到“int”，可能丢失数据
E:\工具软件\编码\项目\五子棋\五子棋\play.cpp(789,41): warning C4244: “+=”: 从“double”转换到“int”，可能丢失数据
E:\工具软件\编码\项目\五子棋\五子棋\play.cpp(793,68): warning C4244: “+=”: 从“double”转换到“int”，可能丢失数据
E:\工具软件\编码\项目\五子棋\五子棋\play.cpp(814,65): warning C4244: “+=”: 从“double”转换到“int”，可能丢失数据
E:\工具软件\编码\项目\五子棋\五子棋\play.cpp(820,38): warning C4244: “+=”: 从“double”转换到“int”，可能丢失数据
E:\工具软件\编码\项目\五子棋\五子棋\play.cpp(841,41): warning C4244: “+=”: 从“double”转换到“int”，可能丢失数据
E:\工具软件\编码\项目\五子棋\五子棋\play.cpp(845,68): warning C4244: “+=”: 从“double”转换到“int”，可能丢失数据
E:\工具软件\编码\项目\五子棋\五子棋\play.cpp(866,65): warning C4244: “+=”: 从“double”转换到“int”，可能丢失数据
E:\工具软件\编码\项目\五子棋\五子棋\play.cpp(872,38): warning C4244: “+=”: 从“double”转换到“int”，可能丢失数据
E:\工具软件\编码\项目\五子棋\五子棋\play.cpp(931,41): warning C4244: “+=”: 从“double”转换到“int”，可能丢失数据
E:\工具软件\编码\项目\五子棋\五子棋\play.cpp(935,68): warning C4244: “+=”: 从“double”转换到“int”，可能丢失数据
E:\工具软件\编码\项目\五子棋\五子棋\play.cpp(957,41): warning C4244: “+=”: 从“double”转换到“int”，可能丢失数据
E:\工具软件\编码\项目\五子棋\五子棋\play.cpp(961,68): warning C4244: “+=”: 从“double”转换到“int”，可能丢失数据
E:\工具软件\编码\项目\五子棋\五子棋\play.cpp(984,41): warning C4244: “+=”: 从“double”转换到“int”，可能丢失数据
E:\工具软件\编码\项目\五子棋\五子棋\play.cpp(988,68): warning C4244: “+=”: 从“double”转换到“int”，可能丢失数据
E:\工具软件\编码\项目\五子棋\五子棋\play.cpp(1010,41): warning C4244: “+=”: 从“double”转换到“int”，可能丢失数据
E:\工具软件\编码\项目\五子棋\五子棋\play.cpp(1014,68): warning C4244: “+=”: 从“double”转换到“int”，可能丢失数据
E:\工具软件\编码\项目\五子棋\五子棋\play.cpp(1037,41): warning C4244: “+=”: 从“double”转换到“int”，可能丢失数据
E:\工具软件\编码\项目\五子棋\五子棋\play.cpp(1041,68): warning C4244: “+=”: 从“double”转换到“int”，可能丢失数据
E:\工具软件\编码\项目\五子棋\五子棋\play.cpp(1063,41): warning C4244: “+=”: 从“double”转换到“int”，可能丢失数据
E:\工具软件\编码\项目\五子棋\五子棋\play.cpp(1067,68): warning C4244: “+=”: 从“double”转换到“int”，可能丢失数据
E:\工具软件\编码\项目\五子棋\五子棋\play.cpp(1090,41): warning C4244: “+=”: 从“double”转换到“int”，可能丢失数据
E:\工具软件\编码\项目\五子棋\五子棋\play.cpp(1094,68): warning C4244: “+=”: 从“double”转换到“int”，可能丢失数据
E:\工具软件\编码\项目\五子棋\五子棋\play.cpp(1116,41): warning C4244: “+=”: 从“double”转换到“int”，可能丢失数据
E:\工具软件\编码\项目\五子棋\五子棋\play.cpp(1120,68): warning C4244: “+=”: 从“double”转换到“int”，可能丢失数据
E:\工具软件\编码\项目\五子棋\五子棋\play.cpp(1142,65): warning C4244: “+=”: 从“double”转换到“int”，可能丢失数据
E:\工具软件\编码\项目\五子棋\五子棋\play.cpp(1148,38): warning C4244: “+=”: 从“double”转换到“int”，可能丢失数据
E:\工具软件\编码\项目\五子棋\五子棋\play.cpp(1168,65): warning C4244: “+=”: 从“double”转换到“int”，可能丢失数据
E:\工具软件\编码\项目\五子棋\五子棋\play.cpp(1174,38): warning C4244: “+=”: 从“double”转换到“int”，可能丢失数据
E:\工具软件\编码\项目\五子棋\五子棋\play.cpp(1195,65): warning C4244: “+=”: 从“double”转换到“int”，可能丢失数据
E:\工具软件\编码\项目\五子棋\五子棋\play.cpp(1201,38): warning C4244: “+=”: 从“double”转换到“int”，可能丢失数据
E:\工具软件\编码\项目\五子棋\五子棋\play.cpp(1221,65): warning C4244: “+=”: 从“double”转换到“int”，可能丢失数据
E:\工具软件\编码\项目\五子棋\五子棋\play.cpp(1227,38): warning C4244: “+=”: 从“double”转换到“int”，可能丢失数据
E:\工具软件\编码\项目\五子棋\五子棋\play.cpp(1248,65): warning C4244: “+=”: 从“double”转换到“int”，可能丢失数据
E:\工具软件\编码\项目\五子棋\五子棋\play.cpp(1254,38): warning C4244: “+=”: 从“double”转换到“int”，可能丢失数据
E:\工具软件\编码\项目\五子棋\五子棋\play.cpp(1274,65): warning C4244: “+=”: 从“double”转换到“int”，可能丢失数据
E:\工具软件\编码\项目\五子棋\五子棋\play.cpp(1280,38): warning C4244: “+=”: 从“double”转换到“int”，可能丢失数据
E:\工具软件\编码\项目\五子棋\五子棋\play.cpp(1301,65): warning C4244: “+=”: 从“double”转换到“int”，可能丢失数据
E:\工具软件\编码\项目\五子棋\五子棋\play.cpp(1307,38): warning C4244: “+=”: 从“double”转换到“int”，可能丢失数据
E:\工具软件\编码\项目\五子棋\五子棋\play.cpp(1327,65): warning C4244: “+=”: 从“double”转换到“int”，可能丢失数据
E:\工具软件\编码\项目\五子棋\五子棋\play.cpp(1333,38): warning C4244: “+=”: 从“double”转换到“int”，可能丢失数据
E:\工具软件\编码\项目\五子棋\五子棋\play.cpp(1367,41): warning C4244: “+=”: 从“double”转换到“int”，可能丢失数据
E:\工具软件\编码\项目\五子棋\五子棋\play.cpp(1371,68): warning C4244: “+=”: 从“double”转换到“int”，可能丢失数据
E:\工具软件\编码\项目\五子棋\五子棋\play.cpp(1393,41): warning C4244: “+=”: 从“double”转换到“int”，可能丢失数据
E:\工具软件\编码\项目\五子棋\五子棋\play.cpp(1397,68): warning C4244: “+=”: 从“double”转换到“int”，可能丢失数据
E:\工具软件\编码\项目\五子棋\五子棋\play.cpp(1420,41): warning C4244: “+=”: 从“double”转换到“int”，可能丢失数据
E:\工具软件\编码\项目\五子棋\五子棋\play.cpp(1424,68): warning C4244: “+=”: 从“double”转换到“int”，可能丢失数据
E:\工具软件\编码\项目\五子棋\五子棋\play.cpp(1446,41): warning C4244: “+=”: 从“double”转换到“int”，可能丢失数据
E:\工具软件\编码\项目\五子棋\五子棋\play.cpp(1450,68): warning C4244: “+=”: 从“double”转换到“int”，可能丢失数据
E:\工具软件\编码\项目\五子棋\五子棋\play.cpp(1473,41): warning C4244: “+=”: 从“double”转换到“int”，可能丢失数据
E:\工具软件\编码\项目\五子棋\五子棋\play.cpp(1477,68): warning C4244: “+=”: 从“double”转换到“int”，可能丢失数据
E:\工具软件\编码\项目\五子棋\五子棋\play.cpp(1499,41): warning C4244: “+=”: 从“double”转换到“int”，可能丢失数据
E:\工具软件\编码\项目\五子棋\五子棋\play.cpp(1503,68): warning C4244: “+=”: 从“double”转换到“int”，可能丢失数据
E:\工具软件\编码\项目\五子棋\五子棋\play.cpp(1526,41): warning C4244: “+=”: 从“double”转换到“int”，可能丢失数据
E:\工具软件\编码\项目\五子棋\五子棋\play.cpp(1530,68): warning C4244: “+=”: 从“double”转换到“int”，可能丢失数据
E:\工具软件\编码\项目\五子棋\五子棋\play.cpp(1552,41): warning C4244: “+=”: 从“double”转换到“int”，可能丢失数据
E:\工具软件\编码\项目\五子棋\五子棋\play.cpp(1556,68): warning C4244: “+=”: 从“double”转换到“int”，可能丢失数据
E:\工具软件\编码\项目\五子棋\五子棋\play.cpp(1578,65): warning C4244: “+=”: 从“double”转换到“int”，可能丢失数据
E:\工具软件\编码\项目\五子棋\五子棋\play.cpp(1584,38): warning C4244: “+=”: 从“double”转换到“int”，可能丢失数据
E:\工具软件\编码\项目\五子棋\五子棋\play.cpp(1604,65): warning C4244: “+=”: 从“double”转换到“int”，可能丢失数据
E:\工具软件\编码\项目\五子棋\五子棋\play.cpp(1610,38): warning C4244: “+=”: 从“double”转换到“int”，可能丢失数据
E:\工具软件\编码\项目\五子棋\五子棋\play.cpp(1631,65): warning C4244: “+=”: 从“double”转换到“int”，可能丢失数据
E:\工具软件\编码\项目\五子棋\五子棋\play.cpp(1637,38): warning C4244: “+=”: 从“double”转换到“int”，可能丢失数据
E:\工具软件\编码\项目\五子棋\五子棋\play.cpp(1657,65): warning C4244: “+=”: 从“double”转换到“int”，可能丢失数据
E:\工具软件\编码\项目\五子棋\五子棋\play.cpp(1663,38): warning C4244: “+=”: 从“double”转换到“int”，可能丢失数据
E:\工具软件\编码\项目\五子棋\五子棋\play.cpp(1684,65): warning C4244: “+=”: 从“double”转换到“int”，可能丢失数据
E:\工具软件\编码\项目\五子棋\五子棋\play.cpp(1690,38): warning C4244: “+=”: 从“double”转换到“int”，可能丢失数据
E:\工具软件\编码\项目\五子棋\五子棋\play.cpp(1710,65): warning C4244: “+=”: 从“double”转换到“int”，可能丢失数据
E:\工具软件\编码\项目\五子棋\五子棋\play.cpp(1716,38): warning C4244: “+=”: 从“double”转换到“int”，可能丢失数据
E:\工具软件\编码\项目\五子棋\五子棋\play.cpp(1737,65): warning C4244: “+=”: 从“double”转换到“int”，可能丢失数据
E:\工具软件\编码\项目\五子棋\五子棋\play.cpp(1743,38): warning C4244: “+=”: 从“double”转换到“int”，可能丢失数据
E:\工具软件\编码\项目\五子棋\五子棋\play.cpp(1763,65): warning C4244: “+=”: 从“double”转换到“int”，可能丢失数据
E:\工具软件\编码\项目\五子棋\五子棋\play.cpp(1769,38): warning C4244: “+=”: 从“double”转换到“int”，可能丢失数据
  正在生成代码...
  五子棋.vcxproj -> E:\工具软件\编码\项目\五子棋\x64\Debug\五子棋.exe
