e:\工具软件\编码\项目\五子棋\五子棋\x64\debug\vc143.pdb
e:\工具软件\编码\项目\五子棋\五子棋\x64\debug\vc143.idb
e:\工具软件\编码\项目\五子棋\五子棋\x64\debug\五子棋.obj
e:\工具软件\编码\项目\五子棋\x64\debug\五子棋.exe
e:\工具软件\编码\项目\五子棋\x64\debug\五子棋.pdb
e:\工具软件\编码\项目\五子棋\五子棋\x64\debug\五子棋.res
e:\工具软件\编码\项目\五子棋\五子棋\x64\debug\五子棋.ilk
e:\备忘录\作业\easyx\五子棋\五子棋\x64\debug\五子棋.obj
e:\备忘录\作业\easyx\五子棋\五子棋\x64\debug\五子棋.ilk
e:\备忘录\作业\easyx\五子棋\五子棋\x64\debug\五子棋.res
e:\备忘录\作业\easyx\五子棋\五子棋\x64\debug\vc143.idb
e:\备忘录\作业\easyx\五子棋\五子棋\x64\debug\vc143.pdb
e:\备忘录\作业\easyx\五子棋\x64\debug\五子棋.pdb
e:\备忘录\作业\easyx\五子棋\x64\debug\五子棋.exe
e:\备忘录\作业\easyx\五子棋\五子棋\x64\debug\五子棋.tlog\cl.command.1.tlog
e:\备忘录\作业\easyx\五子棋\五子棋\x64\debug\五子棋.tlog\cl.items.tlog
e:\备忘录\作业\easyx\五子棋\五子棋\x64\debug\五子棋.tlog\cl.read.1.tlog
e:\备忘录\作业\easyx\五子棋\五子棋\x64\debug\五子棋.tlog\cl.write.1.tlog
e:\备忘录\作业\easyx\五子棋\五子棋\x64\debug\五子棋.tlog\link.command.1.tlog
e:\备忘录\作业\easyx\五子棋\五子棋\x64\debug\五子棋.tlog\link.read.1.tlog
e:\备忘录\作业\easyx\五子棋\五子棋\x64\debug\五子棋.tlog\link.secondary.1.tlog
e:\备忘录\作业\easyx\五子棋\五子棋\x64\debug\五子棋.tlog\link.write.1.tlog
e:\备忘录\作业\easyx\五子棋\五子棋\x64\debug\五子棋.tlog\rc.command.1.tlog
e:\备忘录\作业\easyx\五子棋\五子棋\x64\debug\五子棋.tlog\rc.read.1.tlog
e:\备忘录\作业\easyx\五子棋\五子棋\x64\debug\五子棋.tlog\rc.write.1.tlog
